TN:
SF:/home/alobaton/workspace/TOOLS/nebular-angular-seed/src/polyfills.ts
FNF:0
FNH:0
LF:0
LH:0
BRF:0
BRH:0
end_of_record
TN:
SF:/home/alobaton/workspace/TOOLS/nebular-angular-seed/src/test.ts
FNF:0
FNH:0
DA:13,1
DA:18,1
DA:20,1
LF:3
LH:3
BRF:0
BRH:0
end_of_record
TN:
SF:/home/alobaton/workspace/TOOLS/nebular-angular-seed/src/app/app.component.ts
FN:14,AppComponent
FNF:1
FNH:1
FNDA:2,AppComponent
DA:10,1
DA:12,2
DA:14,2
DA:15,2
DA:16,2
DA:18,1
LF:6
LH:6
BRF:0
BRH:0
end_of_record
TN:
SF:/home/alobaton/workspace/TOOLS/nebular-angular-seed/src/app/business/business.module.ts
FN:26,BusinessModule
FN:27,(anonymous_3)
FNF:2
FNH:2
FNDA:1,BusinessModule
FNDA:1,(anonymous_3)
DA:26,1
DA:27,1
DA:28,1
DA:35,1
LF:4
LH:4
BRF:0
BRH:0
end_of_record
TN:
SF:/home/alobaton/workspace/TOOLS/nebular-angular-seed/src/app/business/helpers/http-error-handler.ts
FN:11,HttpErrorHandler
FN:13,(anonymous_4)
FN:13,(anonymous_5)
FN:16,(anonymous_6)
FN:18,(anonymous_7)
FNF:5
FNH:0
FNDA:0,HttpErrorHandler
FNDA:0,(anonymous_4)
FNDA:0,(anonymous_5)
FNDA:0,(anonymous_6)
FNDA:0,(anonymous_7)
DA:10,1
DA:11,0
DA:13,0
DA:14,0
DA:16,1
DA:18,0
DA:20,0
DA:23,0
DA:26,0
DA:29,0
DA:33,1
LF:11
LH:3
BRDA:13,0,0,0
BRDA:13,0,1,0
BRDA:14,1,0,0
BRDA:14,1,1,0
BRDA:14,2,0,0
BRDA:14,2,1,0
BRDA:16,3,0,0
BRDA:16,3,1,0
BRDA:16,4,0,0
BRDA:16,4,1,0
BRDA:16,5,0,0
BRDA:16,5,1,0
BRDA:21,6,0,0
BRDA:21,6,1,0
BRF:14
BRH:0
end_of_record
TN:
SF:/home/alobaton/workspace/TOOLS/nebular-angular-seed/src/app/business/services/base/base-paged.service.ts
FN:8,(anonymous_6)
FN:10,BasePagedService
FN:14,(anonymous_8)
FNF:3
FNH:1
FNDA:1,(anonymous_6)
FNDA:0,BasePagedService
FNDA:0,(anonymous_8)
DA:8,1
DA:10,0
DA:11,0
DA:14,1
DA:22,0
DA:24,0
DA:29,1
LF:7
LH:3
BRDA:11,0,0,0
BRDA:11,0,1,0
BRF:2
BRH:0
end_of_record
TN:
SF:/home/alobaton/workspace/TOOLS/nebular-angular-seed/src/app/business/services/base/base.service.ts
FN:8,(anonymous_0)
FN:12,BaseService
FN:17,(anonymous_2)
FN:32,(anonymous_3)
FN:47,(anonymous_4)
FN:62,(anonymous_5)
FN:77,(anonymous_6)
FNF:7
FNH:1
FNDA:1,(anonymous_0)
FNDA:0,BaseService
FNDA:0,(anonymous_2)
FNDA:0,(anonymous_3)
FNDA:0,(anonymous_4)
FNDA:0,(anonymous_5)
FNDA:0,(anonymous_6)
DA:6,1
DA:8,1
DA:10,0
DA:12,0
DA:13,0
DA:14,0
DA:17,1
DA:25,0
DA:27,0
DA:32,1
DA:40,0
DA:42,0
DA:47,1
DA:55,0
DA:57,0
DA:62,1
DA:70,0
DA:72,0
DA:77,1
DA:85,0
DA:89,1
LF:21
LH:8
BRDA:13,0,0,0
BRDA:13,0,1,0
BRF:2
BRH:0
end_of_record
TN:
SF:/home/alobaton/workspace/TOOLS/nebular-angular-seed/src/app/business/services/roles/roles.service.ts
FN:10,RolesService
FN:14,(anonymous_10)
FNF:2
FNH:0
FNDA:0,RolesService
FNDA:0,(anonymous_10)
DA:8,1
DA:10,0
DA:11,0
DA:14,1
DA:15,0
DA:16,0
DA:17,0
DA:19,1
LF:8
LH:3
BRDA:11,0,0,0
BRDA:11,0,1,0
BRF:2
BRH:0
end_of_record
TN:
SF:/home/alobaton/workspace/TOOLS/nebular-angular-seed/src/app/business/services/users/users.service.ts
FN:11,UsersService
FN:15,(anonymous_10)
FN:22,(anonymous_11)
FN:29,(anonymous_12)
FN:35,(anonymous_13)
FN:41,(anonymous_14)
FN:48,(anonymous_15)
FNF:7
FNH:0
FNDA:0,UsersService
FNDA:0,(anonymous_10)
FNDA:0,(anonymous_11)
FNDA:0,(anonymous_12)
FNDA:0,(anonymous_13)
FNDA:0,(anonymous_14)
FNDA:0,(anonymous_15)
DA:9,1
DA:11,0
DA:12,0
DA:15,1
DA:16,0
DA:17,0
DA:18,0
DA:19,0
DA:22,1
DA:23,0
DA:24,0
DA:25,0
DA:26,0
DA:29,1
DA:30,0
DA:31,0
DA:32,0
DA:35,1
DA:36,0
DA:37,0
DA:38,0
DA:41,1
DA:42,0
DA:43,0
DA:44,0
DA:45,0
DA:48,1
DA:49,0
DA:50,0
DA:51,0
DA:52,0
DA:54,1
LF:32
LH:8
BRDA:12,0,0,0
BRDA:12,0,1,0
BRF:2
BRH:0
end_of_record
TN:
SF:/home/alobaton/workspace/TOOLS/nebular-angular-seed/src/app/core/components/core/core.component.ts
FN:11,CoreComponent
FN:13,(anonymous_4)
FN:16,(anonymous_5)
FNF:3
FNH:2
FNDA:1,CoreComponent
FNDA:1,(anonymous_4)
FNDA:0,(anonymous_5)
DA:9,1
DA:11,1
DA:13,1
DA:16,1
DA:17,0
DA:20,1
LF:6
LH:5
BRF:0
BRH:0
end_of_record
TN:
SF:/home/alobaton/workspace/TOOLS/nebular-angular-seed/src/app/core/components/header/header.component.ts
FN:33,HeaderComponent
FN:36,(anonymous_4)
FN:42,(anonymous_5)
FN:47,(anonymous_6)
FNF:4
FNH:2
FNDA:2,HeaderComponent
FNDA:2,(anonymous_4)
FNDA:0,(anonymous_5)
FNDA:0,(anonymous_6)
DA:13,1
DA:15,2
DA:28,2
DA:31,2
DA:33,2
DA:34,2
DA:36,1
DA:37,2
DA:39,2
DA:42,1
DA:43,0
DA:44,0
DA:47,1
DA:48,0
DA:50,1
LF:15
LH:12
BRF:0
BRH:0
end_of_record
TN:
SF:/home/alobaton/workspace/TOOLS/nebular-angular-seed/src/app/core/components/lang-switcher-list/lang-switcher-list.component.ts
FN:16,LangSwitcherListComponent
FN:18,(anonymous_4)
FNF:2
FNH:0
FNDA:0,LangSwitcherListComponent
FNDA:0,(anonymous_4)
DA:10,1
DA:12,1
DA:14,0
DA:16,0
DA:18,1
DA:19,0
DA:20,0
DA:22,1
LF:8
LH:4
BRF:0
BRH:0
end_of_record
TN:
SF:/home/alobaton/workspace/TOOLS/nebular-angular-seed/src/app/core/components/sidebar/sidebar.component.ts
FN:28,SidebarComponent
FN:31,(anonymous_4)
FNF:2
FNH:2
FNDA:2,SidebarComponent
FNDA:2,(anonymous_4)
DA:24,1
DA:26,2
DA:28,2
DA:31,1
DA:32,2
DA:35,1
LF:6
LH:6
BRF:0
BRH:0
end_of_record
TN:
SF:/home/alobaton/workspace/TOOLS/nebular-angular-seed/src/app/dashboard/dashboard-routing.module.ts
FN:16,DashboardRoutingModule
FNF:1
FNH:0
FNDA:0,DashboardRoutingModule
DA:16,1
LF:1
LH:1
BRF:0
BRH:0
end_of_record
TN:
SF:/home/alobaton/workspace/TOOLS/nebular-angular-seed/src/app/dashboard/dashboard.module.ts
FN:35,DashboardModule
FN:37,(anonymous_3)
FNF:2
FNH:1
FNDA:1,DashboardModule
FNDA:0,(anonymous_3)
DA:35,1
DA:37,1
DA:38,0
DA:44,1
LF:4
LH:3
BRF:0
BRH:0
end_of_record
TN:
SF:/home/alobaton/workspace/TOOLS/nebular-angular-seed/src/app/dashboard/components/chart-header/chart-header.component.ts
FN:28,ChartHeaderComponent
FN:32,(anonymous_4)
FN:35,(anonymous_5)
FN:38,(anonymous_6)
FNF:4
FNH:3
FNDA:5,ChartHeaderComponent
FNDA:5,(anonymous_4)
FNDA:5,(anonymous_5)
FNDA:0,(anonymous_6)
DA:9,1
DA:10,5
DA:12,5
DA:14,5
DA:20,5
DA:28,5
DA:29,5
DA:32,1
DA:35,1
DA:38,1
DA:39,0
DA:41,1
LF:12
LH:11
BRF:0
BRH:0
end_of_record
TN:
SF:/home/alobaton/workspace/TOOLS/nebular-angular-seed/src/app/dashboard/components/chart-summary/chart-summary.component.ts
FN:13,ChartSummaryComponent
FN:15,(anonymous_4)
FNF:2
FNH:2
FNDA:5,ChartSummaryComponent
FNDA:5,(anonymous_4)
DA:8,1
DA:11,1
DA:15,1
DA:18,1
LF:4
LH:4
BRF:0
BRH:0
end_of_record
TN:
SF:/home/alobaton/workspace/TOOLS/nebular-angular-seed/src/app/dashboard/components/charts/charts.component.ts
FN:15,ChartsComponent
FN:19,(anonymous_4)
FN:22,(anonymous_5)
FN:26,(anonymous_6)
FNF:4
FNH:2
FNDA:2,ChartsComponent
FNDA:2,(anonymous_4)
FNDA:0,(anonymous_5)
FNDA:0,(anonymous_6)
DA:8,1
DA:10,2
DA:11,2
DA:19,1
DA:22,1
DA:26,1
DA:30,1
LF:7
LH:7
BRF:0
BRH:0
end_of_record
TN:
SF:/home/alobaton/workspace/TOOLS/nebular-angular-seed/src/app/dashboard/components/dashboard/dashboard.component.ts
FN:10,DashboardComponent
FN:12,(anonymous_4)
FNF:2
FNH:2
FNDA:1,DashboardComponent
FNDA:1,(anonymous_4)
DA:8,1
DA:12,1
DA:15,1
LF:3
LH:3
BRF:0
BRH:0
end_of_record
TN:
SF:/home/alobaton/workspace/TOOLS/nebular-angular-seed/src/app/dashboard/components/profit-chart/profit-chart.component.ts
FN:17,ProfitChartComponent
FN:19,(anonymous_4)
FN:21,(anonymous_5)
FN:69,(anonymous_6)
FNF:4
FNH:4
FNDA:3,ProfitChartComponent
FNDA:3,(anonymous_4)
FNDA:3,(anonymous_5)
FNDA:3,(anonymous_6)
DA:9,1
DA:11,1
DA:17,3
DA:19,3
DA:21,3
DA:22,3
DA:24,3
DA:37,3
DA:69,1
DA:70,3
DA:73,1
LF:11
LH:11
BRF:0
BRH:0
end_of_record
TN:
SF:/home/alobaton/workspace/TOOLS/nebular-angular-seed/src/app/dashboard/components/sales-chart/sales-chart.component.ts
FN:17,SalesChartComponent
FN:19,(anonymous_4)
FN:20,(anonymous_5)
FN:75,(anonymous_6)
FNF:4
FNH:4
FNDA:3,SalesChartComponent
FNDA:3,(anonymous_4)
FNDA:3,(anonymous_5)
FNDA:3,(anonymous_6)
DA:9,1
DA:11,1
DA:17,3
DA:19,3
DA:20,3
DA:21,3
DA:23,3
DA:44,3
DA:75,1
DA:76,3
DA:79,1
LF:11
LH:11
BRF:0
BRH:0
end_of_record
TN:
SF:/home/alobaton/workspace/TOOLS/nebular-angular-seed/src/app/security/guards/auth/auth.guard.ts
FN:10,AuthGuard
FN:17,(anonymous_4)
FN:21,(anonymous_5)
FNF:3
FNH:1
FNDA:1,AuthGuard
FNDA:0,(anonymous_4)
FNDA:0,(anonymous_5)
DA:8,1
DA:10,1
DA:17,1
DA:20,0
DA:23,0
DA:28,1
LF:6
LH:4
BRF:0
BRH:0
end_of_record
TN:
SF:/home/alobaton/workspace/TOOLS/nebular-angular-seed/src/app/security/services/role/role.service.ts
FN:10,RoleService
FN:13,(anonymous_4)
FN:16,(anonymous_5)
FNF:3
FNH:1
FNDA:1,RoleService
FNDA:0,(anonymous_4)
FNDA:0,(anonymous_5)
DA:8,1
DA:10,1
DA:13,1
DA:14,0
DA:17,0
DA:21,1
LF:6
LH:4
BRDA:17,0,0,0
BRDA:17,0,1,0
BRF:2
BRH:0
end_of_record
TN:
SF:/home/alobaton/workspace/TOOLS/nebular-angular-seed/src/app/security/services/user/user.service.ts
FN:11,UserService
FN:12,(anonymous_4)
FN:19,(anonymous_5)
FNF:3
FNH:0
FNDA:0,UserService
FNDA:0,(anonymous_4)
FNDA:0,(anonymous_5)
DA:7,1
DA:11,0
DA:12,0
DA:14,0
DA:19,1
DA:20,0
DA:23,1
LF:7
LH:3
BRF:0
BRH:0
end_of_record
TN:
SF:/home/alobaton/workspace/TOOLS/nebular-angular-seed/src/app/shared/shared.module.ts
FN:82,SharedModule
FN:83,(anonymous_3)
FNF:2
FNH:2
FNDA:9,SharedModule
FNDA:13,(anonymous_3)
DA:82,1
DA:83,1
DA:84,13
DA:91,1
LF:4
LH:4
BRF:0
BRH:0
end_of_record
TN:
SF:/home/alobaton/workspace/TOOLS/nebular-angular-seed/src/app/shared/services/lang/lang.service.ts
FN:23,LangService
FN:18,(anonymous_4)
FN:30,(anonymous_5)
FN:43,(anonymous_6)
FN:48,(anonymous_7)
FNF:5
FNH:4
FNDA:4,LangService
FNDA:4,(anonymous_4)
FNDA:2,(anonymous_5)
FNDA:0,(anonymous_6)
FNDA:6,(anonymous_7)
DA:6,1
DA:16,1
DA:18,4
DA:19,4
DA:20,4
DA:23,4
DA:24,4
DA:30,1
DA:31,2
DA:34,2
DA:36,0
DA:43,1
DA:44,0
DA:45,0
DA:48,1
DA:49,6
DA:50,6
DA:52,1
LF:18
LH:15
BRDA:36,0,0,0
BRDA:36,0,1,0
BRDA:36,1,0,0
BRDA:36,1,1,0
BRF:4
BRH:0
end_of_record
TN:
SF:/home/alobaton/workspace/TOOLS/nebular-angular-seed/src/app/shared/services/menu/menu.service.ts
FN:8,MenuService
FN:13,(anonymous_4)
FN:14,(anonymous_5)
FN:19,(anonymous_6)
FN:21,(anonymous_7)
FNF:5
FNH:4
FNDA:3,MenuService
FNDA:4,(anonymous_4)
FNDA:8,(anonymous_5)
FNDA:8,(anonymous_6)
FNDA:0,(anonymous_7)
DA:6,1
DA:8,3
DA:13,4
DA:14,4
DA:15,8
DA:19,8
DA:21,0
DA:23,8
DA:25,1
LF:9
LH:8
BRF:0
BRH:0
end_of_record
TN:
SF:/home/alobaton/workspace/TOOLS/nebular-angular-seed/src/app/shared/services/title/title.service.ts
FN:8,TitleService
FN:11,(anonymous_4)
FN:12,(anonymous_5)
FNF:3
FNH:3
FNDA:2,TitleService
FNDA:2,(anonymous_4)
FNDA:2,(anonymous_5)
DA:6,1
DA:8,2
DA:11,2
DA:12,2
DA:13,2
DA:16,1
LF:6
LH:6
BRF:0
BRH:0
end_of_record
TN:
SF:/home/alobaton/workspace/TOOLS/nebular-angular-seed/src/app/shared/services/toast/toast.service.ts
FN:11,ToastService
FN:14,(anonymous_4)
FN:22,(anonymous_5)
FN:27,(anonymous_6)
FN:35,(anonymous_7)
FN:40,(anonymous_8)
FN:48,(anonymous_9)
FNF:7
FNH:0
FNDA:0,ToastService
FNDA:0,(anonymous_4)
FNDA:0,(anonymous_5)
FNDA:0,(anonymous_6)
FNDA:0,(anonymous_7)
FNDA:0,(anonymous_8)
FNDA:0,(anonymous_9)
DA:7,1
DA:9,0
DA:11,0
DA:14,1
DA:15,0
DA:16,0
DA:19,0
DA:22,0
DA:23,0
DA:27,1
DA:28,0
DA:29,0
DA:32,0
DA:35,0
DA:36,0
DA:40,1
DA:41,0
DA:42,0
DA:45,0
DA:48,0
DA:49,0
DA:52,1
LF:22
LH:5
BRF:0
BRH:0
end_of_record
TN:
SF:/home/alobaton/workspace/TOOLS/nebular-angular-seed/src/app/theme/theme.module.ts
FN:126,ThemeModule
FN:119,(anonymous_4)
FNF:2
FNH:2
FNDA:10,ThemeModule
FNDA:11,(anonymous_4)
DA:81,1
DA:118,1
DA:119,1
DA:120,11
DA:127,10
DA:129,1
LF:6
LH:6
BRF:0
BRH:0
end_of_record
TN:
SF:/home/alobaton/workspace/TOOLS/nebular-angular-seed/src/app/theme/components/field/field.component.ts
FN:9,FieldComponent
FNF:1
FNH:0
FNDA:0,FieldComponent
DA:9,1
DA:12,1
DA:15,1
DA:18,1
DA:21,1
DA:24,1
DA:27,1
DA:30,1
DA:31,1
LF:9
LH:9
BRF:0
BRH:0
end_of_record
TN:
SF:/home/alobaton/workspace/TOOLS/nebular-angular-seed/src/app/theme/components/switcher/switcher.component.ts
FN:22,SwitcherComponent
FNF:1
FNH:1
FNDA:4,SwitcherComponent
DA:9,1
DA:11,1
DA:14,1
DA:17,1
DA:20,1
DA:23,1
LF:6
LH:6
BRF:0
BRH:0
end_of_record
TN:
SF:/home/alobaton/workspace/TOOLS/nebular-angular-seed/src/app/theme/components/theme-switcher-list/theme-switcher-list.component.ts
FN:23,ThemeSwitcherListComponent
FN:25,(anonymous_4)
FN:29,(anonymous_5)
FNF:3
FNH:0
FNDA:0,ThemeSwitcherListComponent
FNDA:0,(anonymous_4)
FNDA:0,(anonymous_5)
DA:11,1
DA:13,1
DA:17,0
DA:23,0
DA:25,1
DA:26,0
DA:29,1
DA:30,0
DA:31,0
DA:33,1
LF:10
LH:5
BRF:0
BRH:0
end_of_record
TN:
SF:/home/alobaton/workspace/TOOLS/nebular-angular-seed/src/app/theme/styles/icons.ts
FNF:0
FNH:0
LF:0
LH:0
BRF:0
BRH:0
end_of_record
TN:
SF:/home/alobaton/workspace/TOOLS/nebular-angular-seed/src/app/theme/styles/theme-corporate.ts
FNF:0
FNH:0
LF:0
LH:0
BRF:0
BRH:0
end_of_record
TN:
SF:/home/alobaton/workspace/TOOLS/nebular-angular-seed/src/app/theme/styles/theme-cosmic.ts
FNF:0
FNH:0
LF:0
LH:0
BRF:0
BRH:0
end_of_record
TN:
SF:/home/alobaton/workspace/TOOLS/nebular-angular-seed/src/app/theme/styles/theme-default.ts
FNF:0
FNH:0
LF:0
LH:0
BRF:0
BRH:0
end_of_record
TN:
SF:/home/alobaton/workspace/TOOLS/nebular-angular-seed/src/app/users/users-routing.module.ts
FN:38,UsersRoutingModule
FNF:1
FNH:0
FNDA:0,UsersRoutingModule
DA:38,1
LF:1
LH:1
BRF:0
BRH:0
end_of_record
TN:
SF:/home/alobaton/workspace/TOOLS/nebular-angular-seed/src/app/users/users.module.ts
FN:43,UsersModule
FN:44,(anonymous_3)
FNF:2
FNH:1
FNDA:1,UsersModule
FNDA:0,(anonymous_3)
DA:43,1
DA:44,1
DA:45,0
DA:51,1
LF:4
LH:3
BRF:0
BRH:0
end_of_record
TN:
SF:/home/alobaton/workspace/TOOLS/nebular-angular-seed/src/app/users/components/basic-information/basic-information.component.ts
FN:20,BasicInformationComponent
FN:30,(anonymous_4)
FN:39,(anonymous_5)
FNF:3
FNH:0
FNDA:0,BasicInformationComponent
FNDA:0,(anonymous_4)
FNDA:0,(anonymous_5)
DA:12,1
DA:13,0
DA:20,0
DA:21,0
DA:22,0
DA:23,0
DA:24,0
DA:30,0
DA:32,0
DA:39,1
DA:41,1
LF:11
LH:3
BRF:0
BRH:0
end_of_record
TN:
SF:/home/alobaton/workspace/TOOLS/nebular-angular-seed/src/app/users/components/create-user/create-user.component.ts
FN:37,CreateUserComponent
FN:59,(anonymous_4)
FN:63,(anonymous_5)
FN:67,(anonymous_6)
FN:69,(anonymous_7)
FN:70,(anonymous_8)
FN:73,(anonymous_9)
FN:78,(anonymous_10)
FN:90,(anonymous_11)
FN:92,(anonymous_12)
FNF:10
FNH:0
FNDA:0,CreateUserComponent
FNDA:0,(anonymous_4)
FNDA:0,(anonymous_5)
FNDA:0,(anonymous_6)
FNDA:0,(anonymous_7)
FNDA:0,(anonymous_8)
FNDA:0,(anonymous_9)
FNDA:0,(anonymous_10)
FNDA:0,(anonymous_11)
FNDA:0,(anonymous_12)
DA:12,1
DA:25,0
DA:37,0
DA:38,0
DA:39,0
DA:40,0
DA:41,0
DA:42,0
DA:43,0
DA:44,0
DA:45,0
DA:46,0
DA:47,0
DA:59,1
DA:60,0
DA:63,1
DA:67,1
DA:68,0
DA:69,0
DA:70,0
DA:71,0
DA:74,0
DA:78,1
DA:79,0
DA:90,0
DA:91,0
DA:93,0
DA:97,1
LF:28
LH:6
BRF:0
BRH:0
end_of_record
TN:
SF:/home/alobaton/workspace/TOOLS/nebular-angular-seed/src/app/users/components/profile/profile.component.ts
FN:30,ProfileComponent
FN:31,(anonymous_4)
FN:40,(anonymous_5)
FN:44,(anonymous_6)
FNF:4
FNH:0
FNDA:0,ProfileComponent
FNDA:0,(anonymous_4)
FNDA:0,(anonymous_5)
FNDA:0,(anonymous_6)
DA:25,1
DA:26,0
DA:28,0
DA:30,0
DA:31,0
DA:33,0
DA:40,1
DA:41,0
DA:44,1
DA:45,0
DA:47,1
LF:11
LH:4
BRF:0
BRH:0
end_of_record
TN:
SF:/home/alobaton/workspace/TOOLS/nebular-angular-seed/src/app/users/components/users/users.component.ts
FN:56,UsersComponent
FN:60,(anonymous_4)
FN:63,(anonymous_5)
FN:67,(anonymous_6)
FNF:4
FNH:0
FNDA:0,UsersComponent
FNDA:0,(anonymous_4)
FNDA:0,(anonymous_5)
FNDA:0,(anonymous_6)
DA:9,1
DA:11,0
DA:57,0
DA:60,1
DA:63,1
DA:64,0
DA:67,1
DA:68,0
DA:71,1
LF:9
LH:5
BRF:0
BRH:0
end_of_record
