TN:
SF:/home/alvaro/workspace/nebular-angular-seed/src/polyfills.ts
FNF:0
FNH:0
LF:0
LH:0
BRF:0
BRH:0
end_of_record
TN:
SF:/home/alvaro/workspace/nebular-angular-seed/src/test.ts
FNF:0
FNH:0
DA:13,1
DA:18,1
DA:20,1
LF:3
LH:3
BRF:0
BRH:0
end_of_record
TN:
SF:/home/alvaro/workspace/nebular-angular-seed/src/app/app.component.ts
FN:10,(anonymous_3)
FN:14,AppComponent
FNF:2
FNH:2
FNDA:1,(anonymous_3)
FNDA:2,AppComponent
DA:10,1
DA:12,2
DA:14,2
DA:15,2
DA:16,2
DA:18,1
LF:6
LH:6
BRF:0
BRH:0
end_of_record
TN:
SF:/home/alvaro/workspace/nebular-angular-seed/src/app/core/components/header/header.component.ts
FN:13,(anonymous_3)
FN:32,HeaderComponent
FN:39,(anonymous_5)
FN:43,(anonymous_6)
FN:48,(anonymous_7)
FNF:5
FNH:3
FNDA:1,(anonymous_3)
FNDA:1,HeaderComponent
FNDA:1,(anonymous_5)
FNDA:0,(anonymous_6)
FNDA:0,(anonymous_7)
DA:13,1
DA:15,1
DA:28,1
DA:30,1
DA:33,1
DA:34,1
DA:35,1
DA:36,1
DA:37,1
DA:39,1
DA:40,1
DA:43,1
DA:44,0
DA:45,0
DA:48,1
DA:49,0
DA:51,1
LF:17
LH:14
BRF:0
BRH:0
end_of_record
TN:
SF:/home/alvaro/workspace/nebular-angular-seed/src/app/core/components/lang-switcher-list/lang-switcher-list.component.ts
FN:10,(anonymous_3)
FN:16,LangSwitcherListComponent
FN:18,(anonymous_5)
FNF:3
FNH:1
FNDA:1,(anonymous_3)
FNDA:0,LangSwitcherListComponent
FNDA:0,(anonymous_5)
DA:10,1
DA:12,1
DA:14,0
DA:16,0
DA:18,1
DA:19,0
DA:20,0
DA:22,1
LF:8
LH:4
BRF:0
BRH:0
end_of_record
TN:
SF:/home/alvaro/workspace/nebular-angular-seed/src/app/core/dashboard/dashboard-routing.module.ts
FN:16,(anonymous_2)
FNF:1
FNH:1
FNDA:1,(anonymous_2)
DA:5,1
DA:16,1
LF:2
LH:2
BRF:0
BRH:0
end_of_record
TN:
SF:/home/alvaro/workspace/nebular-angular-seed/src/app/core/dashboard/dashboard.module.ts
FN:35,(anonymous_2)
FN:37,(anonymous_4)
FNF:2
FNH:1
FNDA:2,(anonymous_2)
FNDA:0,(anonymous_4)
DA:12,1
DA:18,1
DA:35,1
DA:37,1
DA:38,0
DA:44,1
LF:6
LH:5
BRF:0
BRH:0
end_of_record
TN:
SF:/home/alvaro/workspace/nebular-angular-seed/src/app/core/dashboard/components/chart-header/chart-header.component.ts
FN:9,(anonymous_3)
FN:20,ChartHeaderComponent
FN:24,(anonymous_5)
FN:27,(anonymous_6)
FN:30,(anonymous_7)
FNF:5
FNH:4
FNDA:1,(anonymous_3)
FNDA:5,ChartHeaderComponent
FNDA:5,(anonymous_5)
FNDA:5,(anonymous_6)
FNDA:0,(anonymous_7)
DA:9,1
DA:10,5
DA:12,5
DA:14,5
DA:20,5
DA:21,5
DA:24,1
DA:27,1
DA:30,1
DA:31,0
DA:32,0
DA:34,1
LF:12
LH:10
BRF:0
BRH:0
end_of_record
TN:
SF:/home/alvaro/workspace/nebular-angular-seed/src/app/core/dashboard/components/chart-summary/chart-summary.component.ts
FN:8,(anonymous_3)
FN:13,ChartSummaryComponent
FN:15,(anonymous_5)
FNF:3
FNH:3
FNDA:1,(anonymous_3)
FNDA:5,ChartSummaryComponent
FNDA:5,(anonymous_5)
DA:8,1
DA:11,1
DA:15,1
DA:18,1
LF:4
LH:4
BRF:0
BRH:0
end_of_record
TN:
SF:/home/alvaro/workspace/nebular-angular-seed/src/app/core/dashboard/components/charts/charts.component.ts
FN:8,(anonymous_3)
FN:14,ChartsComponent
FN:18,(anonymous_5)
FN:21,(anonymous_6)
FN:25,(anonymous_7)
FNF:5
FNH:4
FNDA:1,(anonymous_3)
FNDA:2,ChartsComponent
FNDA:2,(anonymous_5)
FNDA:2,(anonymous_6)
FNDA:0,(anonymous_7)
DA:8,1
DA:10,2
DA:18,1
DA:21,1
DA:25,1
DA:29,1
LF:6
LH:6
BRF:0
BRH:0
end_of_record
TN:
SF:/home/alvaro/workspace/nebular-angular-seed/src/app/core/dashboard/components/dashboard/dashboard.component.ts
FN:8,(anonymous_3)
FN:10,DashboardComponent
FN:12,(anonymous_5)
FNF:3
FNH:3
FNDA:1,(anonymous_3)
FNDA:1,DashboardComponent
FNDA:1,(anonymous_5)
DA:8,1
DA:12,1
DA:15,1
LF:3
LH:3
BRF:0
BRH:0
end_of_record
TN:
SF:/home/alvaro/workspace/nebular-angular-seed/src/app/core/dashboard/components/profit-chart/profit-chart.component.ts
FN:9,(anonymous_3)
FN:17,ProfitChartComponent
FN:19,(anonymous_5)
FN:20,(anonymous_6)
FN:68,(anonymous_7)
FNF:5
FNH:5
FNDA:1,(anonymous_3)
FNDA:3,ProfitChartComponent
FNDA:3,(anonymous_5)
FNDA:3,(anonymous_6)
FNDA:3,(anonymous_7)
DA:9,1
DA:11,1
DA:17,3
DA:19,3
DA:20,3
DA:21,3
DA:23,3
DA:36,3
DA:68,1
DA:69,3
DA:72,1
LF:11
LH:11
BRF:0
BRH:0
end_of_record
TN:
SF:/home/alvaro/workspace/nebular-angular-seed/src/app/core/dashboard/components/sales-chart/sales-chart.component.ts
FN:9,(anonymous_3)
FN:17,SalesChartComponent
FN:19,(anonymous_5)
FN:20,(anonymous_6)
FN:75,(anonymous_7)
FNF:5
FNH:5
FNDA:1,(anonymous_3)
FNDA:3,SalesChartComponent
FNDA:3,(anonymous_5)
FNDA:3,(anonymous_6)
FNDA:3,(anonymous_7)
DA:9,1
DA:11,1
DA:17,3
DA:19,3
DA:20,3
DA:21,3
DA:23,3
DA:44,3
DA:75,1
DA:76,3
DA:79,1
LF:11
LH:11
BRF:0
BRH:0
end_of_record
TN:
SF:/home/alvaro/workspace/nebular-angular-seed/src/app/core/guards/can-deactive.guard.ts
FN:10,(anonymous_2)
FN:12,(anonymous_4)
FNF:2
FNH:1
FNDA:1,(anonymous_2)
FNDA:0,(anonymous_4)
DA:10,1
DA:12,1
DA:14,0
DA:16,1
LF:4
LH:3
BRDA:14,0,0,0
BRDA:14,0,1,0
BRF:2
BRH:0
end_of_record
TN:
SF:/home/alvaro/workspace/nebular-angular-seed/src/app/core/helpers/http-error-handler.ts
FN:10,(anonymous_3)
FN:11,HttpErrorHandler
FN:13,(anonymous_5)
FN:13,(anonymous_6)
FN:16,(anonymous_7)
FN:18,(anonymous_8)
FNF:6
FNH:1
FNDA:1,(anonymous_3)
FNDA:0,HttpErrorHandler
FNDA:0,(anonymous_5)
FNDA:0,(anonymous_6)
FNDA:0,(anonymous_7)
FNDA:0,(anonymous_8)
DA:10,1
DA:11,0
DA:13,0
DA:14,0
DA:16,1
DA:18,0
DA:20,0
DA:23,0
DA:25,0
DA:26,0
DA:29,0
DA:33,1
LF:12
LH:3
BRDA:13,0,0,0
BRDA:13,0,1,0
BRDA:14,1,0,0
BRDA:14,1,1,0
BRDA:14,2,0,0
BRDA:14,2,1,0
BRDA:16,3,0,0
BRDA:16,3,1,0
BRDA:16,4,0,0
BRDA:16,4,1,0
BRDA:16,5,0,0
BRDA:16,5,1,0
BRDA:21,6,0,0
BRDA:21,6,1,0
BRDA:25,7,0,0
BRDA:25,7,1,0
BRF:16
BRH:0
end_of_record
TN:
SF:/home/alvaro/workspace/nebular-angular-seed/src/app/core/services/base/base-paged.service.ts
FN:8,(anonymous_7)
FN:10,BasePagedService
FN:14,(anonymous_9)
FNF:3
FNH:1
FNDA:1,(anonymous_7)
FNDA:0,BasePagedService
FNDA:0,(anonymous_9)
DA:8,1
DA:10,0
DA:11,0
DA:14,1
DA:22,0
DA:24,0
DA:29,1
LF:7
LH:3
BRDA:11,0,0,0
BRDA:11,0,1,0
BRF:2
BRH:0
end_of_record
TN:
SF:/home/alvaro/workspace/nebular-angular-seed/src/app/core/services/base/base.service.ts
FN:8,(anonymous_1)
FN:12,BaseService
FN:17,(anonymous_3)
FN:32,(anonymous_4)
FN:47,(anonymous_5)
FN:62,(anonymous_6)
FN:77,(anonymous_7)
FNF:7
FNH:1
FNDA:1,(anonymous_1)
FNDA:0,BaseService
FNDA:0,(anonymous_3)
FNDA:0,(anonymous_4)
FNDA:0,(anonymous_5)
FNDA:0,(anonymous_6)
FNDA:0,(anonymous_7)
DA:6,1
DA:8,1
DA:10,0
DA:12,0
DA:13,0
DA:14,0
DA:17,1
DA:25,0
DA:27,0
DA:32,1
DA:40,0
DA:42,0
DA:47,1
DA:55,0
DA:57,0
DA:62,1
DA:70,0
DA:72,0
DA:77,1
DA:85,0
DA:89,1
LF:21
LH:8
BRDA:13,0,0,0
BRDA:13,0,1,0
BRF:2
BRH:0
end_of_record
TN:
SF:/home/alvaro/workspace/nebular-angular-seed/src/app/core/services/roles/roles.service.ts
FN:8,(anonymous_9)
FN:10,RolesService
FN:14,(anonymous_11)
FNF:3
FNH:1
FNDA:1,(anonymous_9)
FNDA:0,RolesService
FNDA:0,(anonymous_11)
DA:8,1
DA:10,0
DA:11,0
DA:14,1
DA:15,0
DA:16,0
DA:17,0
DA:19,1
LF:8
LH:3
BRDA:11,0,0,0
BRDA:11,0,1,0
BRF:2
BRH:0
end_of_record
TN:
SF:/home/alvaro/workspace/nebular-angular-seed/src/app/core/users/users-routing.module.ts
FN:41,(anonymous_2)
FNF:1
FNH:1
FNDA:1,(anonymous_2)
DA:9,1
DA:41,1
LF:2
LH:2
BRF:0
BRH:0
end_of_record
TN:
SF:/home/alvaro/workspace/nebular-angular-seed/src/app/core/users/users.module.ts
FN:49,(anonymous_2)
FN:50,(anonymous_4)
FNF:2
FNH:1
FNDA:2,(anonymous_2)
FNDA:0,(anonymous_4)
DA:11,1
DA:17,1
DA:24,1
DA:28,1
DA:49,1
DA:50,1
DA:51,0
DA:58,1
LF:8
LH:7
BRF:0
BRH:0
end_of_record
TN:
SF:/home/alvaro/workspace/nebular-angular-seed/src/app/core/users/components/basic-information/basic-information.component.ts
FN:18,(anonymous_9)
FN:24,BasicInformationComponent
FN:32,(anonymous_11)
FN:41,(anonymous_12)
FN:45,(anonymous_13)
FN:58,(anonymous_14)
FN:66,(anonymous_15)
FNF:7
FNH:1
FNDA:1,(anonymous_9)
FNDA:0,BasicInformationComponent
FNDA:0,(anonymous_11)
FNDA:0,(anonymous_12)
FNDA:0,(anonymous_13)
FNDA:0,(anonymous_14)
FNDA:0,(anonymous_15)
DA:18,1
DA:19,0
DA:25,0
DA:26,0
DA:27,0
DA:28,0
DA:29,0
DA:30,0
DA:32,0
DA:33,0
DA:34,0
DA:41,1
DA:42,0
DA:45,1
DA:46,0
DA:55,0
DA:58,1
DA:59,0
DA:60,0
DA:63,0
DA:66,1
DA:68,1
LF:22
LH:6
BRDA:30,0,0,0
BRDA:30,0,1,0
BRDA:33,1,0,0
BRDA:33,1,1,0
BRDA:48,2,0,0
BRDA:48,2,1,0
BRDA:49,3,0,0
BRDA:49,3,1,0
BRDA:50,4,0,0
BRDA:50,4,1,0
BRDA:51,5,0,0
BRDA:51,5,1,0
BRDA:59,6,0,0
BRDA:59,6,1,0
BRF:14
BRH:0
end_of_record
TN:
SF:/home/alvaro/workspace/nebular-angular-seed/src/app/core/users/components/create-user/create-user.component.ts
FN:19,(anonymous_9)
FN:38,CreateUserComponent
FN:48,(anonymous_11)
FN:53,(anonymous_12)
FN:57,(anonymous_13)
FN:72,(anonymous_14)
FN:74,(anonymous_15)
FN:75,(anonymous_16)
FN:78,(anonymous_17)
FN:83,(anonymous_18)
FN:97,(anonymous_19)
FN:99,(anonymous_20)
FN:104,(anonymous_21)
FN:108,(anonymous_22)
FNF:14
FNH:1
FNDA:1,(anonymous_9)
FNDA:0,CreateUserComponent
FNDA:0,(anonymous_11)
FNDA:0,(anonymous_12)
FNDA:0,(anonymous_13)
FNDA:0,(anonymous_14)
FNDA:0,(anonymous_15)
FNDA:0,(anonymous_16)
FNDA:0,(anonymous_17)
FNDA:0,(anonymous_18)
FNDA:0,(anonymous_19)
FNDA:0,(anonymous_20)
FNDA:0,(anonymous_21)
FNDA:0,(anonymous_22)
DA:19,1
DA:25,0
DA:39,0
DA:40,0
DA:41,0
DA:42,0
DA:43,0
DA:44,0
DA:45,0
DA:48,1
DA:49,0
DA:50,0
DA:53,1
DA:57,1
DA:58,0
DA:72,1
DA:73,0
DA:74,0
DA:75,0
DA:76,0
DA:79,0
DA:83,1
DA:84,0
DA:86,0
DA:87,0
DA:97,0
DA:98,0
DA:100,0
DA:104,1
DA:105,0
DA:108,1
DA:109,0
DA:110,0
DA:113,0
DA:116,1
LF:35
LH:9
BRDA:45,0,0,0
BRDA:45,0,1,0
BRDA:109,1,0,0
BRDA:109,1,1,0
BRF:4
BRH:0
end_of_record
TN:
SF:/home/alvaro/workspace/nebular-angular-seed/src/app/core/users/components/profile/profile.component.ts
FN:24,(anonymous_3)
FN:29,ProfileComponent
FN:30,(anonymous_5)
FN:39,(anonymous_6)
FN:43,(anonymous_7)
FNF:5
FNH:1
FNDA:1,(anonymous_3)
FNDA:0,ProfileComponent
FNDA:0,(anonymous_5)
FNDA:0,(anonymous_6)
FNDA:0,(anonymous_7)
DA:7,1
DA:24,1
DA:25,0
DA:27,0
DA:29,0
DA:30,0
DA:31,0
DA:32,0
DA:39,1
DA:40,0
DA:43,1
DA:44,0
DA:46,1
LF:13
LH:5
BRDA:31,0,0,0
BRDA:31,0,1,0
BRF:2
BRH:0
end_of_record
TN:
SF:/home/alvaro/workspace/nebular-angular-seed/src/app/core/users/components/users/users.component.ts
FN:11,(anonymous_9)
FN:47,UsersComponent
FN:52,(anonymous_11)
FNF:3
FNH:1
FNDA:1,(anonymous_9)
FNDA:0,UsersComponent
FNDA:0,(anonymous_11)
DA:11,1
DA:13,0
DA:47,0
DA:48,0
DA:52,1
DA:53,0
DA:54,0
DA:55,0
DA:57,1
LF:9
LH:3
BRDA:48,0,0,0
BRDA:48,0,1,0
BRF:2
BRH:0
end_of_record
TN:
SF:/home/alvaro/workspace/nebular-angular-seed/src/app/core/users/services/users/users.service.ts
FN:9,(anonymous_9)
FN:11,UsersService
FN:15,(anonymous_11)
FN:22,(anonymous_12)
FN:29,(anonymous_13)
FN:35,(anonymous_14)
FN:41,(anonymous_15)
FN:48,(anonymous_16)
FNF:8
FNH:1
FNDA:1,(anonymous_9)
FNDA:0,UsersService
FNDA:0,(anonymous_11)
FNDA:0,(anonymous_12)
FNDA:0,(anonymous_13)
FNDA:0,(anonymous_14)
FNDA:0,(anonymous_15)
FNDA:0,(anonymous_16)
DA:9,1
DA:11,0
DA:12,0
DA:15,1
DA:16,0
DA:17,0
DA:18,0
DA:19,0
DA:22,1
DA:23,0
DA:24,0
DA:25,0
DA:26,0
DA:29,1
DA:30,0
DA:31,0
DA:32,0
DA:35,1
DA:36,0
DA:37,0
DA:38,0
DA:41,1
DA:42,0
DA:43,0
DA:44,0
DA:45,0
DA:48,1
DA:49,0
DA:50,0
DA:51,0
DA:52,0
DA:54,1
LF:32
LH:8
BRDA:12,0,0,0
BRDA:12,0,1,0
BRF:2
BRH:0
end_of_record
TN:
SF:/home/alvaro/workspace/nebular-angular-seed/src/app/security/guards/auth/auth.guard.ts
FN:8,(anonymous_3)
FN:10,AuthGuard
FN:17,(anonymous_5)
FN:21,(anonymous_6)
FNF:4
FNH:2
FNDA:1,(anonymous_3)
FNDA:1,AuthGuard
FNDA:0,(anonymous_5)
FNDA:0,(anonymous_6)
DA:8,1
DA:10,1
DA:17,1
DA:20,0
DA:22,0
DA:23,0
DA:28,1
LF:7
LH:4
BRDA:22,0,0,0
BRDA:22,0,1,0
BRF:2
BRH:0
end_of_record
TN:
SF:/home/alvaro/workspace/nebular-angular-seed/src/app/security/services/role/role.service.ts
FN:8,(anonymous_3)
FN:10,RoleService
FN:13,(anonymous_5)
FN:16,(anonymous_6)
FNF:4
FNH:2
FNDA:1,(anonymous_3)
FNDA:1,RoleService
FNDA:0,(anonymous_5)
FNDA:0,(anonymous_6)
DA:8,1
DA:10,1
DA:13,1
DA:14,0
DA:17,0
DA:21,1
LF:6
LH:4
BRDA:17,0,0,0
BRDA:17,0,1,0
BRF:2
BRH:0
end_of_record
TN:
SF:/home/alvaro/workspace/nebular-angular-seed/src/app/security/services/user/user.service.ts
FN:7,(anonymous_3)
FN:11,UserService
FN:12,(anonymous_5)
FN:19,(anonymous_6)
FNF:4
FNH:1
FNDA:1,(anonymous_3)
FNDA:0,UserService
FNDA:0,(anonymous_5)
FNDA:0,(anonymous_6)
DA:7,1
DA:11,0
DA:12,0
DA:13,0
DA:14,0
DA:19,1
DA:20,0
DA:23,1
LF:8
LH:3
BRDA:13,0,0,0
BRDA:13,0,1,0
BRF:2
BRH:0
end_of_record
TN:
SF:/home/alvaro/workspace/nebular-angular-seed/src/app/shared/shared.module.ts
FN:99,(anonymous_2)
FN:100,(anonymous_4)
FNF:2
FNH:2
FNDA:8,(anonymous_2)
FNDA:10,(anonymous_4)
DA:19,1
DA:25,1
DA:31,1
DA:37,1
DA:43,1
DA:51,1
DA:62,1
DA:72,1
DA:99,1
DA:100,1
DA:101,10
DA:108,1
LF:12
LH:12
BRF:0
BRH:0
end_of_record
TN:
SF:/home/alvaro/workspace/nebular-angular-seed/src/app/shared/pipes/custom-currency.pipe.ts
FN:7,(anonymous_3)
FN:9,CustomCurrencyPipe
FN:10,(anonymous_5)
FNF:3
FNH:1
FNDA:1,(anonymous_3)
FNDA:0,CustomCurrencyPipe
FNDA:0,(anonymous_5)
DA:7,1
DA:9,0
DA:10,1
DA:11,0
DA:13,1
LF:5
LH:3
BRDA:11,0,0,0
BRDA:11,0,1,0
BRF:2
BRH:0
end_of_record
TN:
SF:/home/alvaro/workspace/nebular-angular-seed/src/app/shared/pipes/empty.pipe.ts
FN:6,(anonymous_2)
FN:8,(anonymous_4)
FNF:2
FNH:1
FNDA:1,(anonymous_2)
FNDA:0,(anonymous_4)
DA:6,1
DA:8,1
DA:9,0
DA:11,1
LF:4
LH:3
BRDA:9,0,0,0
BRDA:9,0,1,0
BRF:2
BRH:0
end_of_record
TN:
SF:/home/alvaro/workspace/nebular-angular-seed/src/app/shared/services/alert/alert.service.ts
FN:5,(anonymous_5)
FN:16,AlertService
FN:18,(anonymous_7)
FN:38,(anonymous_8)
FN:53,(anonymous_9)
FN:68,(anonymous_10)
FN:83,(anonymous_11)
FN:98,(anonymous_12)
FN:132,(anonymous_13)
FN:138,(anonymous_14)
FNF:10
FNH:1
FNDA:1,(anonymous_5)
FNDA:0,AlertService
FNDA:0,(anonymous_7)
FNDA:0,(anonymous_8)
FNDA:0,(anonymous_9)
FNDA:0,(anonymous_10)
FNDA:0,(anonymous_11)
FNDA:0,(anonymous_12)
FNDA:0,(anonymous_13)
FNDA:0,(anonymous_14)
DA:5,1
DA:7,0
DA:18,1
DA:25,0
DA:35,0
DA:38,1
DA:39,0
DA:40,0
DA:42,0
DA:43,0
DA:49,0
DA:50,0
DA:53,1
DA:54,0
DA:55,0
DA:57,0
DA:58,0
DA:64,0
DA:65,0
DA:68,1
DA:69,0
DA:70,0
DA:72,0
DA:73,0
DA:79,0
DA:80,0
DA:83,1
DA:84,0
DA:85,0
DA:87,0
DA:88,0
DA:94,0
DA:95,0
DA:98,1
DA:99,0
DA:100,0
DA:101,0
DA:103,0
DA:104,0
DA:105,0
DA:107,0
DA:108,0
DA:109,0
DA:111,0
DA:112,0
DA:113,0
DA:115,0
DA:116,0
DA:119,0
DA:126,0
DA:127,0
DA:133,0
DA:138,1
DA:139,0
DA:141,1
LF:55
LH:9
BRDA:27,0,0,0
BRDA:27,0,1,0
BRDA:28,1,0,0
BRDA:28,1,1,0
BRDA:38,2,0,0
BRDA:38,2,1,0
BRDA:102,3,0,0
BRDA:102,3,1,0
BRDA:102,3,2,0
BRDA:102,3,3,0
BRF:10
BRH:0
end_of_record
TN:
SF:/home/alvaro/workspace/nebular-angular-seed/src/app/shared/services/lang/lang.service.ts
FN:16,(anonymous_3)
FN:23,LangService
FN:18,(anonymous_5)
FN:30,(anonymous_6)
FN:43,(anonymous_7)
FN:48,(anonymous_8)
FNF:6
FNH:5
FNDA:1,(anonymous_3)
FNDA:3,LangService
FNDA:3,(anonymous_5)
FNDA:2,(anonymous_6)
FNDA:0,(anonymous_7)
FNDA:5,(anonymous_8)
DA:6,1
DA:8,1
DA:16,1
DA:18,3
DA:19,3
DA:20,3
DA:23,3
DA:24,3
DA:30,1
DA:31,2
DA:33,2
DA:34,2
DA:36,0
DA:43,1
DA:44,0
DA:45,0
DA:48,1
DA:49,5
DA:50,5
DA:52,1
LF:20
LH:17
BRDA:33,0,0,2
BRDA:33,0,1,0
BRDA:36,1,0,0
BRDA:36,1,1,0
BRDA:36,2,0,0
BRDA:36,2,1,0
BRF:6
BRH:1
end_of_record
TN:
SF:/home/alvaro/workspace/nebular-angular-seed/src/app/shared/services/menu/menu.service.ts
FN:6,(anonymous_3)
FN:8,MenuService
FN:13,(anonymous_5)
FN:14,(anonymous_6)
FN:19,(anonymous_7)
FN:21,(anonymous_8)
FN:23,(anonymous_9)
FNF:7
FNH:6
FNDA:1,(anonymous_3)
FNDA:1,MenuService
FNDA:1,(anonymous_5)
FNDA:2,(anonymous_6)
FNDA:2,(anonymous_7)
FNDA:0,(anonymous_8)
FNDA:2,(anonymous_9)
DA:6,1
DA:8,1
DA:13,1
DA:14,1
DA:15,2
DA:19,2
DA:20,2
DA:21,0
DA:23,2
DA:24,2
DA:27,1
LF:11
LH:10
BRDA:20,0,0,0
BRDA:20,0,1,2
BRF:2
BRH:1
end_of_record
TN:
SF:/home/alvaro/workspace/nebular-angular-seed/src/app/shared/services/title/title.service.ts
FN:6,(anonymous_3)
FN:8,TitleService
FN:11,(anonymous_5)
FN:12,(anonymous_6)
FNF:4
FNH:4
FNDA:1,(anonymous_3)
FNDA:2,TitleService
FNDA:2,(anonymous_5)
FNDA:2,(anonymous_6)
DA:6,1
DA:8,2
DA:11,2
DA:12,2
DA:13,2
DA:16,1
LF:6
LH:6
BRF:0
BRH:0
end_of_record
TN:
SF:/home/alvaro/workspace/nebular-angular-seed/src/app/shared/services/toast/toast.service.ts
FN:7,(anonymous_3)
FN:11,ToastService
FN:14,(anonymous_5)
FN:22,(anonymous_6)
FN:27,(anonymous_7)
FN:35,(anonymous_8)
FN:40,(anonymous_9)
FN:48,(anonymous_10)
FNF:8
FNH:1
FNDA:1,(anonymous_3)
FNDA:0,ToastService
FNDA:0,(anonymous_5)
FNDA:0,(anonymous_6)
FNDA:0,(anonymous_7)
FNDA:0,(anonymous_8)
FNDA:0,(anonymous_9)
FNDA:0,(anonymous_10)
DA:7,1
DA:9,0
DA:11,0
DA:14,1
DA:15,0
DA:16,0
DA:18,0
DA:19,0
DA:22,0
DA:23,0
DA:27,1
DA:28,0
DA:29,0
DA:31,0
DA:32,0
DA:35,0
DA:36,0
DA:40,1
DA:41,0
DA:42,0
DA:44,0
DA:45,0
DA:48,0
DA:49,0
DA:52,1
LF:25
LH:5
BRDA:18,0,0,0
BRDA:18,0,1,0
BRDA:31,1,0,0
BRDA:31,1,1,0
BRDA:44,2,0,0
BRDA:44,2,1,0
BRF:6
BRH:0
end_of_record
TN:
SF:/home/alvaro/workspace/nebular-angular-seed/src/app/shared/util/environment.util.ts
FN:3,(anonymous_1)
FN:5,(anonymous_3)
FN:10,(anonymous_4)
FNF:3
FNH:1
FNDA:1,(anonymous_1)
FNDA:0,(anonymous_3)
FNDA:0,(anonymous_4)
DA:3,1
DA:5,1
DA:6,0
DA:7,0
DA:10,1
DA:11,0
DA:12,0
DA:13,0
DA:14,0
DA:16,0
DA:19,1
LF:11
LH:4
BRDA:13,0,0,0
BRDA:13,0,1,0
BRF:2
BRH:0
end_of_record
TN:
SF:/home/alvaro/workspace/nebular-angular-seed/src/app/shared/util/form.component.ts
FN:3,(anonymous_1)
FN:5,(anonymous_3)
FN:6,(anonymous_4)
FN:28,(anonymous_5)
FN:32,(anonymous_6)
FN:38,(anonymous_7)
FN:44,(anonymous_8)
FN:46,(anonymous_9)
FNF:8
FNH:1
FNDA:1,(anonymous_1)
FNDA:0,(anonymous_3)
FNDA:0,(anonymous_4)
FNDA:0,(anonymous_5)
FNDA:0,(anonymous_6)
FNDA:0,(anonymous_7)
FNDA:0,(anonymous_8)
FNDA:0,(anonymous_9)
DA:3,1
DA:5,1
DA:6,0
DA:7,0
DA:8,0
DA:9,0
DA:10,0
DA:11,0
DA:12,0
DA:13,0
DA:14,0
DA:15,0
DA:16,0
DA:17,0
DA:18,0
DA:22,0
DA:28,1
DA:29,0
DA:30,0
DA:32,0
DA:33,0
DA:35,0
DA:38,1
DA:39,0
DA:40,0
DA:44,1
DA:45,0
DA:46,0
DA:47,0
DA:49,1
LF:30
LH:6
BRDA:8,0,0,0
BRDA:8,0,1,0
BRDA:10,1,0,0
BRDA:10,1,1,0
BRDA:12,2,0,0
BRDA:12,2,1,0
BRDA:13,3,0,0
BRDA:13,3,1,0
BRDA:15,4,0,0
BRDA:15,4,1,0
BRDA:17,5,0,0
BRDA:17,5,1,0
BRDA:30,6,0,0
BRDA:30,6,1,0
BRDA:30,6,2,0
BRDA:33,7,0,0
BRDA:33,7,1,0
BRDA:41,8,0,0
BRDA:41,8,1,0
BRDA:40,9,0,0
BRDA:40,9,1,0
BRDA:41,10,0,0
BRDA:41,10,1,0
BRDA:46,11,0,0
BRDA:46,11,1,0
BRF:25
BRH:0
end_of_record
TN:
SF:/home/alvaro/workspace/nebular-angular-seed/src/app/shared/util/table.component.ts
FN:8,(anonymous_1)
FN:10,TableComponent
FN:12,(anonymous_3)
FN:14,(anonymous_4)
FN:15,(anonymous_5)
FN:21,(anonymous_6)
FN:25,(anonymous_8)
FN:33,(anonymous_9)
FNF:8
FNH:1
FNDA:1,(anonymous_1)
FNDA:0,TableComponent
FNDA:0,(anonymous_3)
FNDA:0,(anonymous_4)
FNDA:0,(anonymous_5)
FNDA:0,(anonymous_6)
FNDA:0,(anonymous_8)
FNDA:0,(anonymous_9)
DA:3,1
DA:4,1
DA:8,1
DA:10,0
DA:12,1
DA:13,0
DA:14,0
DA:15,0
DA:16,0
DA:21,1
DA:22,0
DA:23,0
DA:24,0
DA:25,0
DA:26,0
DA:32,0
DA:33,0
DA:34,0
DA:38,1
LF:19
LH:6
BRDA:22,0,0,0
BRDA:22,0,1,0
BRDA:24,1,0,0
BRDA:24,1,1,0
BRF:4
BRH:0
end_of_record
TN:
SF:/home/alvaro/workspace/nebular-angular-seed/src/app/theme/theme.module.ts
FN:129,(anonymous_3)
FN:137,ThemeModule
FN:130,(anonymous_5)
FNF:3
FNH:3
FNDA:1,(anonymous_3)
FNDA:8,ThemeModule
FNDA:9,(anonymous_5)
DA:34,1
DA:62,1
DA:85,1
DA:90,1
DA:102,1
DA:129,1
DA:130,1
DA:131,9
DA:139,1
LF:9
LH:9
BRF:0
BRH:0
end_of_record
TN:
SF:/home/alvaro/workspace/nebular-angular-seed/src/app/theme/components/breadcrumb/breadcrumb.component.ts
FN:8,(anonymous_2)
FNF:1
FNH:1
FNDA:1,(anonymous_2)
DA:8,1
DA:9,1
LF:2
LH:2
BRF:0
BRH:0
end_of_record
TN:
SF:/home/alvaro/workspace/nebular-angular-seed/src/app/theme/components/field/field.component.ts
FN:16,(anonymous_3)
FN:45,FieldComponent
FN:41,(anonymous_5)
FN:43,(anonymous_6)
FN:48,(anonymous_7)
FN:51,(anonymous_8)
FN:56,(anonymous_9)
FN:60,(anonymous_10)
FN:64,(anonymous_11)
FN:68,(anonymous_12)
FN:72,(anonymous_13)
FN:11,(anonymous_14)
FNF:12
FNH:2
FNDA:1,(anonymous_3)
FNDA:0,FieldComponent
FNDA:0,(anonymous_5)
FNDA:0,(anonymous_6)
FNDA:0,(anonymous_7)
FNDA:0,(anonymous_8)
FNDA:0,(anonymous_9)
FNDA:0,(anonymous_10)
FNDA:0,(anonymous_11)
FNDA:0,(anonymous_12)
FNDA:0,(anonymous_13)
FNDA:7,(anonymous_14)
DA:11,7
DA:16,1
DA:19,1
DA:22,1
DA:25,1
DA:28,1
DA:31,1
DA:34,1
DA:37,1
DA:41,0
DA:43,0
DA:48,1
DA:51,1
DA:52,0
DA:53,0
DA:56,1
DA:57,0
DA:60,1
DA:61,0
DA:64,1
DA:65,0
DA:68,1
DA:69,0
DA:72,1
DA:73,0
DA:74,0
DA:77,1
LF:27
LH:17
BRDA:52,0,0,0
BRDA:52,0,1,0
BRDA:73,1,0,0
BRDA:73,1,1,0
BRF:4
BRH:0
end_of_record
TN:
SF:/home/alvaro/workspace/nebular-angular-seed/src/app/theme/components/input-error/input-error.component.ts
FN:8,(anonymous_5)
FN:12,InputErrorComponent
FN:17,(anonymous_7)
FN:21,(anonymous_8)
FNF:4
FNH:1
FNDA:1,(anonymous_5)
FNDA:0,InputErrorComponent
FNDA:0,(anonymous_7)
FNDA:0,(anonymous_8)
DA:8,1
DA:9,1
DA:10,1
DA:13,0
DA:17,1
DA:18,0
DA:19,0
DA:21,0
DA:22,0
DA:24,0
DA:26,1
LF:11
LH:5
BRDA:19,0,0,0
BRDA:19,0,1,0
BRDA:19,0,2,0
BRDA:19,0,3,0
BRDA:22,1,0,0
BRDA:22,1,1,0
BRF:6
BRH:0
end_of_record
TN:
SF:/home/alvaro/workspace/nebular-angular-seed/src/app/theme/components/switcher/switcher.component.ts
FN:9,(anonymous_3)
FN:22,SwitcherComponent
FNF:2
FNH:2
FNDA:1,(anonymous_3)
FNDA:2,SwitcherComponent
DA:9,1
DA:11,1
DA:14,1
DA:17,1
DA:20,1
DA:23,1
LF:6
LH:6
BRF:0
BRH:0
end_of_record
TN:
SF:/home/alvaro/workspace/nebular-angular-seed/src/app/theme/components/theme-switcher-list/theme-switcher-list.component.ts
FN:11,(anonymous_3)
FN:22,ThemeSwitcherListComponent
FN:24,(anonymous_5)
FN:28,(anonymous_6)
FNF:4
FNH:1
FNDA:1,(anonymous_3)
FNDA:0,ThemeSwitcherListComponent
FNDA:0,(anonymous_5)
FNDA:0,(anonymous_6)
DA:11,1
DA:13,1
DA:15,0
DA:22,0
DA:24,1
DA:25,0
DA:28,1
DA:29,0
DA:30,0
DA:32,1
LF:10
LH:5
BRF:0
BRH:0
end_of_record
TN:
SF:/home/alvaro/workspace/nebular-angular-seed/src/app/theme/styles/theme-corporate.ts
FNF:0
FNH:0
DA:1,1
LF:1
LH:1
BRF:0
BRH:0
end_of_record
TN:
SF:/home/alvaro/workspace/nebular-angular-seed/src/app/theme/styles/theme-cosmic.ts
FNF:0
FNH:0
DA:1,1
LF:1
LH:1
BRF:0
BRH:0
end_of_record
TN:
SF:/home/alvaro/workspace/nebular-angular-seed/src/app/theme/styles/theme-default.ts
FNF:0
FNH:0
DA:1,1
LF:1
LH:1
BRF:0
BRH:0
end_of_record
TN:
SF:/home/alvaro/workspace/nebular-angular-seed/src/environments/environment.ts
FNF:0
FNH:0
DA:5,1
LF:1
LH:1
BRF:0
BRH:0
end_of_record
